<?xml version="1.0" encoding="utf-8"?><testsuites name="pytest tests"><testsuite name="pytest" errors="0" failures="0" skipped="0" tests="118" time="2.961" timestamp="2025-07-20T14:53:17.114008-07:00" hostname="MacBook-Pro-78.local"><testcase classname="tests.cli.test_commands.TestBaseCommand" name="test_creation" time="0.001" /><testcase classname="tests.cli.test_commands.TestProfileCommand" name="test_add_arguments" time="0.001" /><testcase classname="tests.cli.test_commands.TestProfileCommand" name="test_add_arguments_with_options" time="0.001" /><testcase classname="tests.cli.test_commands.TestProfileCommand" name="test_execute_file_not_found" time="0.001" /><testcase classname="tests.cli.test_commands.TestProfileCommand" name="test_execute_basic" time="0.005" /><testcase classname="tests.cli.test_commands.TestListCommand" name="test_add_arguments" time="0.001" /><testcase classname="tests.cli.test_commands.TestListCommand" name="test_execute_empty_list" time="0.001" /><testcase classname="tests.cli.test_commands.TestStatusCommand" name="test_add_arguments" time="0.001" /><testcase classname="tests.cli.test_commands.TestStatusCommand" name="test_execute" time="0.001" /><testcase classname="tests.cli.test_commands.TestConfigCommand" name="test_add_arguments" time="0.002" /><testcase classname="tests.cli.test_commands.TestConfigCommand" name="test_execute_show_config" time="0.000" /><testcase classname="tests.cli.test_commands.TestConfigCommand" name="test_execute_unknown_action" time="0.000" /><testcase classname="tests.cli.test_commands.TestDeleteCommand" name="test_add_arguments" time="0.001" /><testcase classname="tests.cli.test_commands.TestDeleteCommand" name="test_execute_with_force" time="0.001" /><testcase classname="tests.cli.test_commands.TestCleanupCommand" name="test_add_arguments" time="0.001" /><testcase classname="tests.cli.test_commands.TestCleanupCommand" name="test_execute_with_force" time="0.001" /><testcase classname="tests.core.test_config.TestCollectorConfig" name="test_default_creation" time="0.001" /><testcase classname="tests.core.test_config.TestCollectorConfig" name="test_custom_creation" time="0.000" /><testcase classname="tests.core.test_config.TestCollectorConfig" name="test_validation" time="0.000" /><testcase classname="tests.core.test_config.TestAnalysisConfig" name="test_default_creation" time="0.000" /><testcase classname="tests.core.test_config.TestAnalysisConfig" name="test_custom_creation" time="0.000" /><testcase classname="tests.core.test_config.TestAnalysisConfig" name="test_validation" time="0.000" /><testcase classname="tests.core.test_config.TestStorageConfig" name="test_default_creation" time="0.000" /><testcase classname="tests.core.test_config.TestStorageConfig" name="test_custom_creation" time="0.001" /><testcase classname="tests.core.test_config.TestStorageConfig" name="test_validation" time="0.000" /><testcase classname="tests.core.test_config.TestVisualizationConfig" name="test_default_creation" time="0.000" /><testcase classname="tests.core.test_config.TestVisualizationConfig" name="test_custom_creation" time="0.000" /><testcase classname="tests.core.test_config.TestVisualizationConfig" name="test_validation" time="0.000" /><testcase classname="tests.core.test_config.TestProfileConfig" name="test_default_creation" time="0.000" /><testcase classname="tests.core.test_config.TestProfileConfig" name="test_custom_creation" time="0.000" /><testcase classname="tests.core.test_config.TestProfileConfig" name="test_validation" time="0.000" /><testcase classname="tests.core.test_config.TestProfileConfig" name="test_post_init" time="0.000" /><testcase classname="tests.core.test_config.TestProfileConfig" name="test_enable_collector" time="0.000" /><testcase classname="tests.core.test_config.TestProfileConfig" name="test_enable_collector_new" time="0.000" /><testcase classname="tests.core.test_config.TestProfileConfig" name="test_disable_collector" time="0.000" /><testcase classname="tests.core.test_config.TestProfileConfig" name="test_disable_collector_missing" time="0.000" /><testcase classname="tests.core.test_config.TestConfigLoader" name="test_load_yaml_config" time="0.008" /><testcase classname="tests.core.test_config.TestConfigLoader" name="test_load_json_config" time="0.001" /><testcase classname="tests.core.test_config.TestConfigLoader" name="test_load_nonexistent_file" time="0.000" /><testcase classname="tests.core.test_config.TestConfigLoader" name="test_load_invalid_yaml" time="0.001" /><testcase classname="tests.core.test_config.TestConfigLoader" name="test_load_invalid_json" time="0.001" /><testcase classname="tests.core.test_config.TestConfigLoader" name="test_save_config_yaml" time="0.015" /><testcase classname="tests.core.test_config.TestConfigLoader" name="test_save_config_json" time="0.002" /><testcase classname="tests.core.test_config.TestConfigLoader" name="test_create_from_dict" time="0.000" /><testcase classname="tests.core.test_models.TestSourceLocation" name="test_creation" time="0.000" /><testcase classname="tests.core.test_models.TestSourceLocation" name="test_with_module" time="0.000" /><testcase classname="tests.core.test_models.TestSourceLocation" name="test_string_representation" time="0.000" /><testcase classname="tests.core.test_models.TestSourceLocation" name="test_string_representation_with_module" time="0.000" /><testcase classname="tests.core.test_models.TestSourceLocation" name="test_immutability" time="0.000" /><testcase classname="tests.core.test_models.TestFrameInfo" name="test_creation" time="0.000" /><testcase classname="tests.core.test_models.TestFrameInfo" name="test_auto_generated_frame_id" time="0.001" /><testcase classname="tests.core.test_models.TestFrameInfo" name="test_empty_variables" time="0.000" /><testcase classname="tests.core.test_models.TestFrameInfo" name="test_immutability" time="0.000" /><testcase classname="tests.core.test_models.TestExecutionEvent" name="test_creation" time="0.000" /><testcase classname="tests.core.test_models.TestExecutionEvent" name="test_duration_ms_property" time="0.000" /><testcase classname="tests.core.test_models.TestExecutionEvent" name="test_duration_ms_none_when_no_execution_time" time="0.000" /><testcase classname="tests.core.test_models.TestExecutionEvent" name="test_optional_fields" time="0.000" /><testcase classname="tests.core.test_models.TestExecutionEvent" name="test_event_types" time="0.000" /><testcase classname="tests.core.test_models.TestMemorySnapshot" name="test_creation" time="0.000" /><testcase classname="tests.core.test_models.TestMemorySnapshot" name="test_empty_object_counts" time="0.000" /><testcase classname="tests.core.test_models.TestCallNode" name="test_creation" time="0.000" /><testcase classname="tests.core.test_models.TestCallNode" name="test_children_time_property" time="0.000" /><testcase classname="tests.core.test_models.TestCallNode" name="test_with_children" time="0.000" /><testcase classname="tests.core.test_models.TestCallTree" name="test_creation" time="0.000" /><testcase classname="tests.core.test_models.TestCallTree" name="test_find_hotspots" time="0.000" /><testcase classname="tests.core.test_models.TestCallTree" name="test_find_hotspots_high_threshold" time="0.000" /><testcase classname="tests.core.test_models.TestEnvironmentInfo" name="test_creation" time="0.000" /><testcase classname="tests.core.test_models.TestEnvironmentInfo" name="test_with_environment_variables" time="0.000" /><testcase classname="tests.core.test_models.TestExecutionContext" name="test_creation" time="0.000" /><testcase classname="tests.core.test_models.TestExecutionContext" name="test_duration_property" time="0.000" /><testcase classname="tests.core.test_models.TestExecutionContext" name="test_duration_none_when_no_end_time" time="0.000" /><testcase classname="tests.core.test_models.TestExecutionContext" name="test_minimal_creation" time="0.000" /><testcase classname="tests.core.test_models.TestProfileSession" name="test_creation" time="0.001" /><testcase classname="tests.core.test_models.TestProfileSession" name="test_total_events_property" time="0.001" /><testcase classname="tests.core.test_models.TestProfileSession" name="test_total_time_property" time="0.001" /><testcase classname="tests.core.test_models.TestProfileSession" name="test_peak_memory_property" time="0.001" /><testcase classname="tests.core.test_models.TestProfileSession" name="test_empty_session" time="0.000" /><testcase classname="tests.core.test_models.TestDetectedPattern" name="test_creation" time="0.000" /><testcase classname="tests.core.test_models.TestDetectedPattern" name="test_empty_evidence" time="0.000" /><testcase classname="tests.core.test_models.TestOptimizationRecommendation" name="test_creation" time="0.000" /><testcase classname="tests.core.test_models.TestOptimizationRecommendation" name="test_minimal_creation" time="0.000" /><testcase classname="tests.storage.test_file_store.TestFileDataStore" name="test_initialization" time="0.001" /><testcase classname="tests.storage.test_file_store.TestFileDataStore" name="test_default_config" time="0.001" /><testcase classname="tests.storage.test_file_store.TestFileDataStore" name="test_store_session" time="0.002" /><testcase classname="tests.storage.test_file_store.TestFileDataStore" name="test_load_session" time="0.002" /><testcase classname="tests.storage.test_file_store.TestFileDataStore" name="test_load_nonexistent_session" time="0.001" /><testcase classname="tests.storage.test_file_store.TestFileDataStore" name="test_list_sessions" time="0.003" /><testcase classname="tests.storage.test_file_store.TestFileDataStore" name="test_delete_session" time="0.003" /><testcase classname="tests.storage.test_file_store.TestFileDataStore" name="test_delete_nonexistent_session" time="0.001" /><testcase classname="tests.storage.test_file_store.TestFileDataStore" name="test_get_session_metadata" time="0.002" /><testcase classname="tests.storage.test_file_store.TestFileDataStore" name="test_get_storage_stats" time="0.002" /><testcase classname="tests.storage.test_file_store.TestFileDataStore" name="test_cleanup_old_sessions" time="0.002" /><testcase classname="tests.storage.test_file_store.TestFileDataStore" name="test_session_limit_enforcement" time="0.004" /><testcase classname="tests.storage.test_file_store.TestFileDataStore" name="test_index_recovery" time="0.004" /><testcase classname="tests.storage.test_file_store.TestFileDataStore" name="test_compression_enabled" time="0.001" /><testcase classname="tests.storage.test_file_store.TestFileDataStore" name="test_compression_disabled" time="0.001" /><testcase classname="tests.storage.test_file_store.TestFileDataStore" name="test_concurrent_access" time="0.005" /><testcase classname="tests.storage.test_file_store.TestFileDataStore" name="test_access_time_update" time="0.106" /><testcase classname="tests.storage.test_file_store.TestFileDataStore" name="test_file_path_generation" time="0.001" /><testcase classname="tests.storage.test_file_store.TestFileDataStore" name="test_corrupted_session_file_handling" time="0.003" /><testcase classname="tests.storage.test_file_store.TestFileDataStore" name="test_storage_configuration" time="0.001" /><testcase classname="tests.test_example" name="test_basic_assertion" time="0.000" /><testcase classname="tests.test_example" name="test_list_operations" time="0.000" /><testcase classname="tests.test_example" name="test_dict_operations" time="0.000" /><testcase classname="tests.test_example" name="test_string_operations" time="0.000" /><testcase classname="tests.test_example" name="test_exception_handling" time="0.000" /><testcase classname="tests.test_example" name="test_path_operations" time="0.000" /><testcase classname="tests.test_example" name="test_slow_operation" time="0.106" /><testcase classname="tests.test_example.TestExampleClass" name="test_sample_data_fixture" time="0.000" /><testcase classname="tests.test_example.TestExampleClass" name="test_numbers_processing" time="0.000" /><testcase classname="tests.test_example.TestExampleClass" name="test_string_processing" time="0.000" /><testcase classname="tests.test_example" name="test_parametrized_doubling[1-2]" time="0.000" /><testcase classname="tests.test_example" name="test_parametrized_doubling[2-4]" time="0.000" /><testcase classname="tests.test_example" name="test_parametrized_doubling[3-6]" time="0.000" /><testcase classname="tests.test_example" name="test_parametrized_doubling[0-0]" time="0.000" /><testcase classname="tests.test_example" name="test_parametrized_doubling[-1--2]" time="0.000" /><testcase classname="tests.test_example" name="test_import_pycroscope" time="0.000" /><testcase classname="tests.test_example" name="test_pycroscope_core_imports" time="0.001" /></testsuite></testsuites>